c:\users\harrisqs\desktop\cg_finalproject\final\cg_hw3\debug\vc141.pdb
c:\users\harrisqs\desktop\cg_finalproject\final\cg_hw3\debug\vc141.idb
c:\users\harrisqs\desktop\cg_finalproject\final\cg_hw3\debug\glm_helper.obj
c:\users\harrisqs\desktop\cg_finalproject\final\cg_hw3\debug\glm_util.obj
c:\users\harrisqs\desktop\cg_finalproject\final\cg_hw3\debug\glmimg_sim.obj
c:\users\harrisqs\desktop\cg_finalproject\final\cg_hw3\debug\glmimg_sdl.obj
c:\users\harrisqs\desktop\cg_finalproject\final\cg_hw3\debug\glmimg_png.obj
c:\users\harrisqs\desktop\cg_finalproject\final\cg_hw3\debug\glmimg_jpg.obj
c:\users\harrisqs\desktop\cg_finalproject\final\cg_hw3\debug\glmimg_devil.obj
c:\users\harrisqs\desktop\cg_finalproject\final\cg_hw3\debug\glmimg.obj
c:\users\harrisqs\desktop\cg_finalproject\final\cg_hw3\debug\glm.obj
c:\users\harrisqs\desktop\cg_finalproject\final\debug\cg_hw3.exe
c:\users\harrisqs\desktop\cg_finalproject\final\debug\cg_hw3.ilk
c:\users\harrisqs\desktop\cg_finalproject\final\debug\cg_hw3.pdb
c:\users\harrisqs\desktop\cg_finalproject\final\cg_hw3\debug\cg_hw3.tlog\cl.command.1.tlog
c:\users\harrisqs\desktop\cg_finalproject\final\cg_hw3\debug\cg_hw3.tlog\cl.read.1.tlog
c:\users\harrisqs\desktop\cg_finalproject\final\cg_hw3\debug\cg_hw3.tlog\cl.write.1.tlog
c:\users\harrisqs\desktop\cg_finalproject\final\cg_hw3\debug\cg_hw3.tlog\link.command.1.tlog
c:\users\harrisqs\desktop\cg_finalproject\final\cg_hw3\debug\cg_hw3.tlog\link.read.1.tlog
c:\users\harrisqs\desktop\cg_finalproject\final\cg_hw3\debug\cg_hw3.tlog\link.write.1.tlog
